::1 - - [21/Mar/2018:11:45:03 +0800] "GET / HTTP/1.1" 200 78351
::1 - - [21/Mar/2018:11:45:03 +0800] "GET /style.css HTTP/1.1" 200 3041
::1 - - [21/Mar/2018:11:45:03 +0800] "GET /index.php?=PHPE9568F34-D428-11d2-A769-00AA001ACF42 HTTP/1.1" 200 2524
::1 - - [21/Mar/2018:11:45:03 +0800] "GET /images/header.png HTTP/1.1" 200 7766
::1 - - [21/Mar/2018:11:45:03 +0800] "GET /index.php?=PHPE9568F35-D428-11d2-A769-00AA001ACF42 HTTP/1.1" 200 2146
::1 - - [21/Mar/2018:11:45:03 +0800] "GET /images/background.jpg HTTP/1.1" 200 12386
::1 - - [21/Mar/2018:11:45:03 +0800] "GET /images/menuleft.jpg HTTP/1.1" 200 11236
::1 - - [21/Mar/2018:11:45:03 +0800] "GET /images/menu.jpg HTTP/1.1" 200 11219
::1 - - [21/Mar/2018:11:45:03 +0800] "GET /images/menuright.jpg HTTP/1.1" 200 11239
::1 - - [21/Mar/2018:11:45:03 +0800] "GET /images/content.jpg HTTP/1.1" 200 11916
::1 - - [21/Mar/2018:11:45:03 +0800] "GET /images/topcontent.jpg HTTP/1.1" 200 11578
::1 - - [21/Mar/2018:11:45:04 +0800] "GET /images/banner.jpg HTTP/1.1" 200 38149
::1 - - [21/Mar/2018:11:45:04 +0800] "GET /favicon.ico HTTP/1.1" 404 209
::1 - - [21/Mar/2018:11:45:18 +0800] "GET /PHP/1.ph HTTP/1.1" 404 206
::1 - - [21/Mar/2018:11:45:28 +0800] "GET /PHP/1.php HTTP/1.1" 200 108
::1 - - [21/Mar/2018:11:47:28 +0800] "GET /PHP/2.php HTTP/1.1" 200 194
::1 - - [21/Mar/2018:11:47:41 +0800] "GET /PHP/2.php HTTP/1.1" 200 194
::1 - - [21/Mar/2018:11:47:42 +0800] "GET /PHP/2.php HTTP/1.1" 200 194
::1 - - [21/Mar/2018:11:47:42 +0800] "GET /PHP/2.php HTTP/1.1" 200 194
::1 - - [21/Mar/2018:11:47:42 +0800] "GET /PHP/2.php HTTP/1.1" 200 194
::1 - - [21/Mar/2018:11:47:43 +0800] "GET /PHP/2.php HTTP/1.1" 200 194
::1 - - [21/Mar/2018:11:47:43 +0800] "GET /PHP/2.php HTTP/1.1" 200 194
::1 - - [21/Mar/2018:11:47:43 +0800] "GET /PHP/2.php HTTP/1.1" 200 194
::1 - - [21/Mar/2018:11:48:52 +0800] "GET /PHP/2.php HTTP/1.1" 200 216
::1 - - [21/Mar/2018:11:48:52 +0800] "GET /PHP/2.php HTTP/1.1" 200 216
::1 - - [21/Mar/2018:11:50:40 +0800] "GET /PHP/2.php HTTP/1.1" 200 216
::1 - - [21/Mar/2018:11:50:41 +0800] "GET /PHP/2.php HTTP/1.1" 200 216
::1 - - [21/Mar/2018:11:50:42 +0800] "GET /PHP/2.php HTTP/1.1" 200 216
::1 - - [21/Mar/2018:11:51:06 +0800] "GET /PHP/2.php HTTP/1.1" 200 216
::1 - - [21/Mar/2018:11:51:07 +0800] "GET /PHP/2.php HTTP/1.1" 200 216
::1 - - [21/Mar/2018:11:51:22 +0800] "GET /PHP/2.php HTTP/1.1" 200 221
::1 - - [21/Mar/2018:11:51:22 +0800] "GET /PHP/2.php HTTP/1.1" 200 221
::1 - - [21/Mar/2018:11:51:23 +0800] "GET /PHP/2.php HTTP/1.1" 200 221
::1 - - [21/Mar/2018:11:51:23 +0800] "GET /PHP/2.php HTTP/1.1" 200 221
::1 - - [21/Mar/2018:11:51:24 +0800] "GET /PHP/2.php HTTP/1.1" 200 221
::1 - - [21/Mar/2018:11:51:24 +0800] "GET /PHP/2.php HTTP/1.1" 200 221
::1 - - [21/Mar/2018:11:51:28 +0800] "GET /PHP/2.php HTTP/1.1" 200 221
::1 - - [21/Mar/2018:11:51:29 +0800] "GET /PHP/2.php HTTP/1.1" 200 221
::1 - - [21/Mar/2018:11:51:29 +0800] "GET /PHP/2.php HTTP/1.1" 200 221
::1 - - [21/Mar/2018:11:51:30 +0800] "GET /PHP/2.php HTTP/1.1" 200 221
::1 - - [21/Mar/2018:11:51:30 +0800] "GET /PHP/2.php HTTP/1.1" 200 221
::1 - - [21/Mar/2018:11:51:30 +0800] "GET /PHP/2.php HTTP/1.1" 200 221
::1 - - [21/Mar/2018:11:51:30 +0800] "GET /PHP/2.php HTTP/1.1" 200 221
::1 - - [21/Mar/2018:11:51:30 +0800] "GET /PHP/2.php HTTP/1.1" 200 221
::1 - - [21/Mar/2018:11:51:56 +0800] "GET /PHP/2.php HTTP/1.1" 200 125
::1 - - [21/Mar/2018:11:52:05 +0800] "GET /PHP/2.php HTTP/1.1" 200 159
::1 - - [21/Mar/2018:11:52:52 +0800] "GET /PHP/2.php HTTP/1.1" 200 160
::1 - - [21/Mar/2018:11:52:54 +0800] "GET /PHP/2.php HTTP/1.1" 200 160
::1 - - [21/Mar/2018:11:52:55 +0800] "GET /PHP/2.php HTTP/1.1" 200 160
::1 - - [21/Mar/2018:11:52:55 +0800] "GET /PHP/2.php HTTP/1.1" 200 160
::1 - - [21/Mar/2018:11:53:03 +0800] "GET /PHP/2.php HTTP/1.1" 200 126
::1 - - [21/Mar/2018:11:53:36 +0800] "GET /PHP/2.php HTTP/1.1" 200 139
::1 - - [21/Mar/2018:11:53:44 +0800] "GET /PHP/2.php HTTP/1.1" 200 160
::1 - - [21/Mar/2018:11:55:31 +0800] "GET /PHP/2.php HTTP/1.1" 200 168
::1 - - [21/Mar/2018:11:55:34 +0800] "GET /PHP/2.php HTTP/1.1" 200 168
::1 - - [21/Mar/2018:12:00:00 +0800] "GET /PHP/4.php HTTP/1.1" 200 163
::1 - - [21/Mar/2018:12:00:08 +0800] "POST /PHP/welcome.php HTTP/1.1" 404 213
::1 - - [21/Mar/2018:12:00:15 +0800] "POST /PHP/welcome.php HTTP/1.1" 404 213
::1 - - [21/Mar/2018:12:02:30 +0800] "POST /PHP/welcome.php HTTP/1.1" 200 102
::1 - - [21/Mar/2018:12:04:14 +0800] "GET /PHP/4.php HTTP/1.1" 200 168
::1 - - [21/Mar/2018:12:04:45 +0800] "GET /PHP/4.php HTTP/1.1" 200 167
::1 - - [21/Mar/2018:12:04:45 +0800] "GET /PHP/4.php HTTP/1.1" 200 167
::1 - - [21/Mar/2018:12:06:58 +0800] "GET /PHP/4.php HTTP/1.1" 200 172
::1 - - [21/Mar/2018:12:07:13 +0800] "GET /PHP/4.php HTTP/1.1" 200 168
::1 - - [21/Mar/2018:12:07:46 +0800] "GET /PHP/4.php HTTP/1.1" 200 163
::1 - - [21/Mar/2018:12:07:48 +0800] "POST /PHP/welcome.php HTTP/1.1" 200 65
::1 - - [21/Mar/2018:12:08:49 +0800] "POST /PHP/welcome.php HTTP/1.1" 200 65
::1 - - [21/Mar/2018:12:08:53 +0800] "GET /PHP/4.php HTTP/1.1" 200 166
::1 - - [21/Mar/2018:12:08:54 +0800] "GET /PHP/4.php HTTP/1.1" 200 166
::1 - - [21/Mar/2018:12:08:54 +0800] "GET /PHP/4.php HTTP/1.1" 200 166
::1 - - [21/Mar/2018:12:08:59 +0800] "GET /PHP/4.php HTTP/1.1" 200 165
::1 - - [21/Mar/2018:12:09:01 +0800] "GET /PHP/4.php HTTP/1.1" 200 165
::1 - - [21/Mar/2018:12:09:07 +0800] "GET /PHP/4.php HTTP/1.1" 200 161
::1 - - [21/Mar/2018:12:09:11 +0800] "POST /PHP/hello.php HTTP/1.1" 200 68
::1 - - [21/Mar/2018:12:10:30 +0800] "GET /PHP/4.php HTTP/1.1" 200 189
::1 - - [21/Mar/2018:12:10:36 +0800] "POST /PHP/hello.php HTTP/1.1" 200 71
::1 - - [21/Mar/2018:12:24:07 +0800] "GET /PHP/4.php HTTP/1.1" 200 189
::1 - - [21/Mar/2018:12:25:44 +0800] "GET /PHP/6.php HTTP/1.1" 200 316
::1 - - [21/Mar/2018:12:26:58 +0800] "GET /PHP/6.php HTTP/1.1" 200 296
::1 - - [21/Mar/2018:12:29:57 +0800] "GET /PHP/6.php HTTP/1.1" 200 296
::1 - - [21/Mar/2018:12:29:58 +0800] "GET /PHP/6.php HTTP/1.1" 200 296
::1 - - [21/Mar/2018:12:29:59 +0800] "GET /PHP/6.php HTTP/1.1" 200 296
::1 - - [21/Mar/2018:12:30:07 +0800] "GET /PHP/6.php HTTP/1.1" 200 316
::1 - - [21/Mar/2018:12:31:03 +0800] "GET /PHP/6.php HTTP/1.1" 200 297
::1 - - [21/Mar/2018:12:31:36 +0800] "GET /PHP/6.php HTTP/1.1" 200 446
::1 - - [21/Mar/2018:12:31:55 +0800] "GET /PHP/6.php HTTP/1.1" 200 316
::1 - - [21/Mar/2018:12:32:48 +0800] "GET /PHP/6.php HTTP/1.1" 200 339
::1 - - [21/Mar/2018:12:32:49 +0800] "GET /PHP/6.php HTTP/1.1" 200 339
::1 - - [21/Mar/2018:12:35:18 +0800] "GET /PHP/6.php HTTP/1.1" 200 316
::1 - - [21/Mar/2018:12:48:13 +0800] "GET /favicon.ico HTTP/1.1" 404 209
::1 - - [21/Mar/2018:12:50:56 +0800] "GET /PHP/39.php HTTP/1.1" 200 311
::1 - - [21/Mar/2018:12:52:09 +0800] "GET /PHP/39.php HTTP/1.1" 200 310
::1 - - [21/Mar/2018:12:52:09 +0800] "GET /PHP/39.php HTTP/1.1" 200 310
::1 - - [21/Mar/2018:12:52:10 +0800] "GET /PHP/39.php HTTP/1.1" 200 310
::1 - - [21/Mar/2018:12:52:31 +0800] "GET /PHP/39.php HTTP/1.1" 200 177
::1 - - [21/Mar/2018:12:52:31 +0800] "GET /PHP/39.php HTTP/1.1" 200 177
