[Wed Mar 21 11:44:48.345959 2018] [mpm_winnt:notice] [pid 4496:tid 528] AH00455: Apache/2.4.6 (Win32) PHP/5.4.17 configured -- resuming normal operations
[Wed Mar 21 11:44:48.345959 2018] [mpm_winnt:notice] [pid 4496:tid 528] AH00456: Apache Lounge VC10 Server built: Jul 16 2013 11:15:41
[Wed Mar 21 11:44:48.345959 2018] [core:notice] [pid 4496:tid 528] AH00094: Command line: 'C:\\Users\\ITE32A-49\\Desktop\\php/apache2/bin/httpd_usbwv8.exe -d C:/Users/ITE32A-49/Desktop/php/apache2'
[Wed Mar 21 11:44:48.361655 2018] [mpm_winnt:notice] [pid 4496:tid 528] AH00418: Parent: Created child process 4088
[Wed Mar 21 11:44:48.705371 2018] [mpm_winnt:notice] [pid 4088:tid 524] AH00354: Child: Starting 64 worker threads.
[Wed Mar 21 11:45:03.733492 2018] [:error] [pid 4088:tid 1088] [client ::1:6011] PHP Warning:  phpinfo(): It is not safe to rely on the system's timezone settings. You are *required* to use the date.timezone setting or the date_default_timezone_set() function. In case you used any of those methods and you are still getting this warning, you most likely misspelled the timezone identifier. We selected the timezone 'UTC' for now, but please set date.timezone to select your timezone. in C:\\Users\\ITE32A-49\\Desktop\\php\\root\\index.php on line 47
[Wed Mar 21 11:47:28.217941 2018] [:error] [pid 4088:tid 1064] [client ::1:6060] PHP Parse error:  syntax error, unexpected ''This is a bad command : del c' (T_CONSTANT_ENCAPSED_STRING) in C:\\Users\\ITE32A-49\\Desktop\\php\\root\\PHP\\2.php on line 9
[Wed Mar 21 11:47:41.018932 2018] [:error] [pid 4088:tid 1072] [client ::1:6068] PHP Parse error:  syntax error, unexpected ''This is a bad command : del c' (T_CONSTANT_ENCAPSED_STRING) in C:\\Users\\ITE32A-49\\Desktop\\php\\root\\PHP\\2.php on line 9
[Wed Mar 21 11:47:42.006812 2018] [:error] [pid 4088:tid 1072] [client ::1:6068] PHP Parse error:  syntax error, unexpected ''This is a bad command : del c' (T_CONSTANT_ENCAPSED_STRING) in C:\\Users\\ITE32A-49\\Desktop\\php\\root\\PHP\\2.php on line 9
[Wed Mar 21 11:47:42.542669 2018] [:error] [pid 4088:tid 1072] [client ::1:6068] PHP Parse error:  syntax error, unexpected ''This is a bad command : del c' (T_CONSTANT_ENCAPSED_STRING) in C:\\Users\\ITE32A-49\\Desktop\\php\\root\\PHP\\2.php on line 9
[Wed Mar 21 11:47:42.917690 2018] [:error] [pid 4088:tid 1072] [client ::1:6068] PHP Parse error:  syntax error, unexpected ''This is a bad command : del c' (T_CONSTANT_ENCAPSED_STRING) in C:\\Users\\ITE32A-49\\Desktop\\php\\root\\PHP\\2.php on line 9
[Wed Mar 21 11:47:43.126791 2018] [:error] [pid 4088:tid 1072] [client ::1:6068] PHP Parse error:  syntax error, unexpected ''This is a bad command : del c' (T_CONSTANT_ENCAPSED_STRING) in C:\\Users\\ITE32A-49\\Desktop\\php\\root\\PHP\\2.php on line 9
[Wed Mar 21 11:47:43.301110 2018] [:error] [pid 4088:tid 1072] [client ::1:6068] PHP Parse error:  syntax error, unexpected ''This is a bad command : del c' (T_CONSTANT_ENCAPSED_STRING) in C:\\Users\\ITE32A-49\\Desktop\\php\\root\\PHP\\2.php on line 9
[Wed Mar 21 11:47:43.462441 2018] [:error] [pid 4088:tid 1072] [client ::1:6068] PHP Parse error:  syntax error, unexpected ''This is a bad command : del c' (T_CONSTANT_ENCAPSED_STRING) in C:\\Users\\ITE32A-49\\Desktop\\php\\root\\PHP\\2.php on line 9
[Wed Mar 21 11:48:52.095944 2018] [:error] [pid 4088:tid 1080] [client ::1:6071] PHP Parse error:  syntax error, unexpected ''This is a bad command : del c' (T_CONSTANT_ENCAPSED_STRING), expecting ',' or ';' in C:\\Users\\ITE32A-49\\Desktop\\php\\root\\PHP\\2.php on line 9
[Wed Mar 21 11:48:52.975181 2018] [:error] [pid 4088:tid 1080] [client ::1:6071] PHP Parse error:  syntax error, unexpected ''This is a bad command : del c' (T_CONSTANT_ENCAPSED_STRING), expecting ',' or ';' in C:\\Users\\ITE32A-49\\Desktop\\php\\root\\PHP\\2.php on line 9
[Wed Mar 21 11:50:40.071892 2018] [:error] [pid 4088:tid 1080] [client ::1:6112] PHP Parse error:  syntax error, unexpected ''This is a bad command : del c' (T_CONSTANT_ENCAPSED_STRING), expecting ',' or ';' in C:\\Users\\ITE32A-49\\Desktop\\php\\root\\PHP\\2.php on line 9
[Wed Mar 21 11:50:41.903092 2018] [:error] [pid 4088:tid 1080] [client ::1:6112] PHP Parse error:  syntax error, unexpected ''This is a bad command : del c' (T_CONSTANT_ENCAPSED_STRING), expecting ',' or ';' in C:\\Users\\ITE32A-49\\Desktop\\php\\root\\PHP\\2.php on line 9
[Wed Mar 21 11:50:42.903162 2018] [:error] [pid 4088:tid 1080] [client ::1:6112] PHP Parse error:  syntax error, unexpected ''This is a bad command : del c' (T_CONSTANT_ENCAPSED_STRING), expecting ',' or ';' in C:\\Users\\ITE32A-49\\Desktop\\php\\root\\PHP\\2.php on line 9
[Wed Mar 21 11:51:06.568331 2018] [:error] [pid 4088:tid 1080] [client ::1:6125] PHP Parse error:  syntax error, unexpected ''This is a bad command : del c' (T_CONSTANT_ENCAPSED_STRING), expecting ',' or ';' in C:\\Users\\ITE32A-49\\Desktop\\php\\root\\PHP\\2.php on line 9
[Wed Mar 21 11:51:07.144298 2018] [:error] [pid 4088:tid 1080] [client ::1:6125] PHP Parse error:  syntax error, unexpected ''This is a bad command : del c' (T_CONSTANT_ENCAPSED_STRING), expecting ',' or ';' in C:\\Users\\ITE32A-49\\Desktop\\php\\root\\PHP\\2.php on line 9
[Wed Mar 21 11:51:22.480322 2018] [:error] [pid 4088:tid 1080] [client ::1:6126] PHP Parse error:  syntax error, unexpected '"This is a bad command : del c' (T_CONSTANT_ENCAPSED_STRING), expecting ',' or ';' in C:\\Users\\ITE32A-49\\Desktop\\php\\root\\PHP\\2.php on line 9
[Wed Mar 21 11:51:22.968062 2018] [:error] [pid 4088:tid 1080] [client ::1:6126] PHP Parse error:  syntax error, unexpected '"This is a bad command : del c' (T_CONSTANT_ENCAPSED_STRING), expecting ',' or ';' in C:\\Users\\ITE32A-49\\Desktop\\php\\root\\PHP\\2.php on line 9
[Wed Mar 21 11:51:23.344338 2018] [:error] [pid 4088:tid 1080] [client ::1:6126] PHP Parse error:  syntax error, unexpected '"This is a bad command : del c' (T_CONSTANT_ENCAPSED_STRING), expecting ',' or ';' in C:\\Users\\ITE32A-49\\Desktop\\php\\root\\PHP\\2.php on line 9
[Wed Mar 21 11:51:23.632666 2018] [:error] [pid 4088:tid 1080] [client ::1:6126] PHP Parse error:  syntax error, unexpected '"This is a bad command : del c' (T_CONSTANT_ENCAPSED_STRING), expecting ',' or ';' in C:\\Users\\ITE32A-49\\Desktop\\php\\root\\PHP\\2.php on line 9
[Wed Mar 21 11:51:24.039815 2018] [:error] [pid 4088:tid 1080] [client ::1:6126] PHP Parse error:  syntax error, unexpected '"This is a bad command : del c' (T_CONSTANT_ENCAPSED_STRING), expecting ',' or ';' in C:\\Users\\ITE32A-49\\Desktop\\php\\root\\PHP\\2.php on line 9
[Wed Mar 21 11:51:24.400113 2018] [:error] [pid 4088:tid 1080] [client ::1:6126] PHP Parse error:  syntax error, unexpected '"This is a bad command : del c' (T_CONSTANT_ENCAPSED_STRING), expecting ',' or ';' in C:\\Users\\ITE32A-49\\Desktop\\php\\root\\PHP\\2.php on line 9
[Wed Mar 21 11:51:29.000864 2018] [:error] [pid 4088:tid 1080] [client ::1:6126] PHP Parse error:  syntax error, unexpected '"This is a bad command : del c' (T_CONSTANT_ENCAPSED_STRING), expecting ',' or ';' in C:\\Users\\ITE32A-49\\Desktop\\php\\root\\PHP\\2.php on line 9
[Wed Mar 21 11:51:29.664673 2018] [:error] [pid 4088:tid 1080] [client ::1:6126] PHP Parse error:  syntax error, unexpected '"This is a bad command : del c' (T_CONSTANT_ENCAPSED_STRING), expecting ',' or ';' in C:\\Users\\ITE32A-49\\Desktop\\php\\root\\PHP\\2.php on line 9
[Wed Mar 21 11:51:29.912018 2018] [:error] [pid 4088:tid 1080] [client ::1:6126] PHP Parse error:  syntax error, unexpected '"This is a bad command : del c' (T_CONSTANT_ENCAPSED_STRING), expecting ',' or ';' in C:\\Users\\ITE32A-49\\Desktop\\php\\root\\PHP\\2.php on line 9
[Wed Mar 21 11:51:30.112382 2018] [:error] [pid 4088:tid 1080] [client ::1:6126] PHP Parse error:  syntax error, unexpected '"This is a bad command : del c' (T_CONSTANT_ENCAPSED_STRING), expecting ',' or ';' in C:\\Users\\ITE32A-49\\Desktop\\php\\root\\PHP\\2.php on line 9
[Wed Mar 21 11:51:30.280709 2018] [:error] [pid 4088:tid 1080] [client ::1:6126] PHP Parse error:  syntax error, unexpected '"This is a bad command : del c' (T_CONSTANT_ENCAPSED_STRING), expecting ',' or ';' in C:\\Users\\ITE32A-49\\Desktop\\php\\root\\PHP\\2.php on line 9
[Wed Mar 21 11:51:30.423423 2018] [:error] [pid 4088:tid 1080] [client ::1:6126] PHP Parse error:  syntax error, unexpected '"This is a bad command : del c' (T_CONSTANT_ENCAPSED_STRING), expecting ',' or ';' in C:\\Users\\ITE32A-49\\Desktop\\php\\root\\PHP\\2.php on line 9
[Wed Mar 21 11:51:30.760149 2018] [:error] [pid 4088:tid 1080] [client ::1:6126] PHP Parse error:  syntax error, unexpected '"This is a bad command : del c' (T_CONSTANT_ENCAPSED_STRING), expecting ',' or ';' in C:\\Users\\ITE32A-49\\Desktop\\php\\root\\PHP\\2.php on line 9
[Wed Mar 21 11:51:30.968317 2018] [:error] [pid 4088:tid 1080] [client ::1:6126] PHP Parse error:  syntax error, unexpected '"This is a bad command : del c' (T_CONSTANT_ENCAPSED_STRING), expecting ',' or ';' in C:\\Users\\ITE32A-49\\Desktop\\php\\root\\PHP\\2.php on line 9
[Wed Mar 21 11:53:36.979020 2018] [:error] [pid 4088:tid 1080] [client ::1:6172] PHP Parse error:  syntax error, unexpected '<' in C:\\Users\\ITE32A-49\\Desktop\\php\\root\\PHP\\2.php on line 8
[Wed Mar 21 12:00:08.738996 2018] [:error] [pid 4088:tid 1080] [client ::1:6348] script 'C:/Users/ITE32A-49/Desktop/php/root/PHP/welcome.php' not found or unable to stat, referer: http://localhost/PHP/4.php
[Wed Mar 21 12:00:15.370612 2018] [:error] [pid 4088:tid 1080] [client ::1:6349] script 'C:/Users/ITE32A-49/Desktop/php/root/PHP/welcome.php' not found or unable to stat, referer: http://localhost/PHP/4.php
[Wed Mar 21 12:25:44.186047 2018] [:error] [pid 4088:tid 1080] [client ::1:7787] PHP Warning:  get_browser(): browscap ini directive not set in C:\\Users\\ITE32A-49\\Desktop\\php\\root\\PHP\\6.php on line 7
[Wed Mar 21 12:26:58.266202 2018] [:error] [pid 4088:tid 1080] [client ::1:7905] PHP Fatal error:  Call to undefined function getbrowser() in C:\\Users\\ITE32A-49\\Desktop\\php\\root\\PHP\\6.php on line 7
[Wed Mar 21 12:29:57.203389 2018] [:error] [pid 4088:tid 1080] [client ::1:8299] PHP Fatal error:  Call to undefined function getbrowser() in C:\\Users\\ITE32A-49\\Desktop\\php\\root\\PHP\\6.php on line 7
[Wed Mar 21 12:29:58.745376 2018] [:error] [pid 4088:tid 1080] [client ::1:8299] PHP Fatal error:  Call to undefined function getbrowser() in C:\\Users\\ITE32A-49\\Desktop\\php\\root\\PHP\\6.php on line 7
[Wed Mar 21 12:29:59.121906 2018] [:error] [pid 4088:tid 1080] [client ::1:8299] PHP Fatal error:  Call to undefined function getbrowser() in C:\\Users\\ITE32A-49\\Desktop\\php\\root\\PHP\\6.php on line 7
[Wed Mar 21 12:30:07.858435 2018] [:error] [pid 4088:tid 1080] [client ::1:8317] PHP Warning:  get_browser(): browscap ini directive not set in C:\\Users\\ITE32A-49\\Desktop\\php\\root\\PHP\\6.php on line 7
[Wed Mar 21 12:31:03.316431 2018] [:error] [pid 4088:tid 1080] [client ::1:8408] PHP Notice:  Undefined variable: browser in C:\\Users\\ITE32A-49\\Desktop\\php\\root\\PHP\\6.php on line 7
[Wed Mar 21 12:31:36.276010 2018] [:error] [pid 4088:tid 1080] [client ::1:8466] PHP Notice:  Undefined variable: browser in C:\\Users\\ITE32A-49\\Desktop\\php\\root\\PHP\\6.php on line 7
[Wed Mar 21 12:31:36.276010 2018] [:error] [pid 4088:tid 1080] [client ::1:8466] PHP Warning:  get_browser(): browscap ini directive not set in C:\\Users\\ITE32A-49\\Desktop\\php\\root\\PHP\\6.php on line 8
[Wed Mar 21 12:31:55.131769 2018] [:error] [pid 4088:tid 1080] [client ::1:8506] PHP Warning:  get_browser(): browscap ini directive not set in C:\\Users\\ITE32A-49\\Desktop\\php\\root\\PHP\\6.php on line 7
[Wed Mar 21 12:32:48.181323 2018] [:error] [pid 4088:tid 1080] [client ::1:8590] PHP Notice:  Undefined index: HTTP_RETURN_ARRAY in C:\\Users\\ITE32A-49\\Desktop\\php\\root\\PHP\\6.php on line 6
[Wed Mar 21 12:32:48.181323 2018] [:error] [pid 4088:tid 1080] [client ::1:8590] PHP Warning:  get_browser(): browscap ini directive not set in C:\\Users\\ITE32A-49\\Desktop\\php\\root\\PHP\\6.php on line 7
[Wed Mar 21 12:32:49.409518 2018] [:error] [pid 4088:tid 1080] [client ::1:8590] PHP Notice:  Undefined index: HTTP_RETURN_ARRAY in C:\\Users\\ITE32A-49\\Desktop\\php\\root\\PHP\\6.php on line 6
[Wed Mar 21 12:32:49.409518 2018] [:error] [pid 4088:tid 1080] [client ::1:8590] PHP Warning:  get_browser(): browscap ini directive not set in C:\\Users\\ITE32A-49\\Desktop\\php\\root\\PHP\\6.php on line 7
[Wed Mar 21 12:35:18.165165 2018] [:error] [pid 4088:tid 1080] [client ::1:8904] PHP Warning:  get_browser(): browscap ini directive not set in C:\\Users\\ITE32A-49\\Desktop\\php\\root\\PHP\\6.php on line 7
[Wed Mar 21 12:46:32.073591 2018] [mpm_winnt:warn] [pid 4088:tid 1264] (OS 64)The specified network name is no longer available.  : AH00341: winnt_accept: Asynchronous AcceptEx failed.
[Wed Mar 21 12:47:22.394815 2018] [mpm_winnt:warn] [pid 4088:tid 1264] (OS 64)The specified network name is no longer available.  : AH00341: winnt_accept: Asynchronous AcceptEx failed.
[Wed Mar 21 12:47:27.459740 2018] [mpm_winnt:warn] [pid 4088:tid 1264] (OS 64)The specified network name is no longer available.  : AH00341: winnt_accept: Asynchronous AcceptEx failed.
[Wed Mar 21 12:50:56.024121 2018] [:error] [pid 4088:tid 1080] [client ::1:10425] PHP Notice:  Undefined index: fileToUpload in C:\\Users\\ITE32A-49\\Desktop\\php\\root\\PHP\\39.php on line 5
[Wed Mar 21 12:50:56.049173 2018] [:error] [pid 4088:tid 1080] [client ::1:10425] PHP Notice:  Undefined index: fileToUpload in C:\\Users\\ITE32A-49\\Desktop\\php\\root\\PHP\\39.php on line 20
[Wed Mar 21 12:52:09.062041 2018] [:error] [pid 4088:tid 1064] [client ::1:10465] PHP Notice:  Undefined index: fileToUpload in C:\\Users\\ITE32A-49\\Desktop\\php\\root\\PHP\\39.php on line 5
[Wed Mar 21 12:52:09.062041 2018] [:error] [pid 4088:tid 1064] [client ::1:10465] PHP Notice:  Undefined index: fileToUpload in C:\\Users\\ITE32A-49\\Desktop\\php\\root\\PHP\\39.php on line 9
[Wed Mar 21 12:52:09.691966 2018] [:error] [pid 4088:tid 1064] [client ::1:10465] PHP Notice:  Undefined index: fileToUpload in C:\\Users\\ITE32A-49\\Desktop\\php\\root\\PHP\\39.php on line 5
[Wed Mar 21 12:52:09.691966 2018] [:error] [pid 4088:tid 1064] [client ::1:10465] PHP Notice:  Undefined index: fileToUpload in C:\\Users\\ITE32A-49\\Desktop\\php\\root\\PHP\\39.php on line 9
[Wed Mar 21 12:52:10.011124 2018] [:error] [pid 4088:tid 1064] [client ::1:10465] PHP Notice:  Undefined index: fileToUpload in C:\\Users\\ITE32A-49\\Desktop\\php\\root\\PHP\\39.php on line 5
[Wed Mar 21 12:52:10.011124 2018] [:error] [pid 4088:tid 1064] [client ::1:10465] PHP Notice:  Undefined index: fileToUpload in C:\\Users\\ITE32A-49\\Desktop\\php\\root\\PHP\\39.php on line 9
[Wed Mar 21 12:52:31.212019 2018] [:error] [pid 4088:tid 1064] [client ::1:10470] PHP Notice:  Undefined index: fileToUpload in C:\\Users\\ITE32A-49\\Desktop\\php\\root\\PHP\\39.php on line 5
[Wed Mar 21 12:52:31.835802 2018] [:error] [pid 4088:tid 1064] [client ::1:10470] PHP Notice:  Undefined index: fileToUpload in C:\\Users\\ITE32A-49\\Desktop\\php\\root\\PHP\\39.php on line 5
[Wed Mar 21 12:53:46.846460 2018] [mpm_winnt:warn] [pid 4088:tid 1264] (OS 64)The specified network name is no longer available.  : AH00341: winnt_accept: Asynchronous AcceptEx failed.
